0 info it worked if it ends with ok
1 verbose cli [ 'C:\\Program Files\\nodejs\\node.exe',
1 verbose cli   'C:\\Users\\Parag\\AppData\\Roaming\\npm\\node_modules\\npm\\bin\\npm-cli.js',
1 verbose cli   'install',
1 verbose cli   'bcrypt',
1 verbose cli   '--save' ]
2 info using npm@3.6.0
3 info using node@v5.1.0
4 silly loadCurrentTree Starting
5 silly install loadCurrentTree
6 silly install readLocalPackageData
7 silly fetchPackageMetaData bcrypt
8 silly fetchNamedPackageData bcrypt
9 silly mapToRegistry name bcrypt
10 silly mapToRegistry using default registry
11 silly mapToRegistry registry https://registry.npmjs.org/
12 silly mapToRegistry uri https://registry.npmjs.org/bcrypt
13 verbose request uri https://registry.npmjs.org/bcrypt
14 verbose request no auth needed
15 info attempt registry request try #1 at 3:33:50 PM
16 verbose request id 60fe3866caa16b49
17 verbose etag "3BNGDESVOFORCETPD6WFW6IAX"
18 http request GET https://registry.npmjs.org/bcrypt
19 http 304 https://registry.npmjs.org/bcrypt
20 verbose headers { date: 'Wed, 03 Feb 2016 20:33:57 GMT',
20 verbose headers   via: '1.1 varnish',
20 verbose headers   'cache-control': 'max-age=300',
20 verbose headers   etag: '"3BNGDESVOFORCETPD6WFW6IAX"',
20 verbose headers   age: '274',
20 verbose headers   connection: 'keep-alive',
20 verbose headers   'x-served-by': 'cache-atl6225-ATL',
20 verbose headers   'x-cache': 'HIT',
20 verbose headers   'x-cache-hits': '1',
20 verbose headers   'x-timer': 'S1454531637.971635,VS0,VE0',
20 verbose headers   vary: 'Accept' }
21 silly get cb [ 304,
21 silly get   { date: 'Wed, 03 Feb 2016 20:33:57 GMT',
21 silly get     via: '1.1 varnish',
21 silly get     'cache-control': 'max-age=300',
21 silly get     etag: '"3BNGDESVOFORCETPD6WFW6IAX"',
21 silly get     age: '274',
21 silly get     connection: 'keep-alive',
21 silly get     'x-served-by': 'cache-atl6225-ATL',
21 silly get     'x-cache': 'HIT',
21 silly get     'x-cache-hits': '1',
21 silly get     'x-timer': 'S1454531637.971635,VS0,VE0',
21 silly get     vary: 'Accept' } ]
22 verbose etag https://registry.npmjs.org/bcrypt from cache
23 verbose get saving bcrypt to C:\Users\Parag\AppData\Roaming\npm-cache\registry.npmjs.org\bcrypt\.cache.json
24 verbose correctMkdir C:\Users\Parag\AppData\Roaming\npm-cache correctMkdir not in flight; initializing
25 silly install normalizeTree
26 silly loadCurrentTree Finishing
27 silly loadIdealTree Starting
28 silly install loadIdealTree
29 silly cloneCurrentTree Starting
30 silly install cloneCurrentTreeToIdealTree
31 silly cloneCurrentTree Finishing
32 silly loadShrinkwrap Starting
33 silly install loadShrinkwrap
34 silly loadShrinkwrap Finishing
35 silly loadAllDepsIntoIdealTree Starting
36 silly install loadAllDepsIntoIdealTree
37 silly resolveWithNewModule bcrypt@0.8.5 checking installable status
38 silly cache add args [ 'bcrypt', null ]
39 verbose cache add spec bcrypt
40 silly cache add parsed spec Result {
40 silly cache add   raw: 'bcrypt',
40 silly cache add   scope: null,
40 silly cache add   name: 'bcrypt',
40 silly cache add   rawSpec: '',
40 silly cache add   spec: 'latest',
40 silly cache add   type: 'tag' }
41 silly addNamed bcrypt@latest
42 verbose addNamed "latest" is being treated as a dist-tag for bcrypt
43 info addNameTag [ 'bcrypt', 'latest' ]
44 silly mapToRegistry name bcrypt
45 silly mapToRegistry using default registry
46 silly mapToRegistry registry https://registry.npmjs.org/
47 silly mapToRegistry uri https://registry.npmjs.org/bcrypt
48 verbose addNameTag registry:https://registry.npmjs.org/bcrypt not in flight; fetching
49 verbose get https://registry.npmjs.org/bcrypt not expired, no request
50 silly addNameTag next cb for bcrypt with tag latest
51 silly addNamed bcrypt@0.8.5
52 verbose addNamed "0.8.5" is a plain semver version for bcrypt
53 silly cache afterAdd bcrypt@0.8.5
54 verbose afterAdd C:\Users\Parag\AppData\Roaming\npm-cache\bcrypt\0.8.5\package\package.json not in flight; writing
55 verbose correctMkdir C:\Users\Parag\AppData\Roaming\npm-cache correctMkdir not in flight; initializing
56 verbose afterAdd C:\Users\Parag\AppData\Roaming\npm-cache\bcrypt\0.8.5\package\package.json written
57 silly fetchNamedPackageData bindings
58 silly mapToRegistry name bindings
59 silly mapToRegistry using default registry
60 silly mapToRegistry registry https://registry.npmjs.org/
61 silly mapToRegistry uri https://registry.npmjs.org/bindings
62 silly fetchNamedPackageData nan
63 silly mapToRegistry name nan
64 silly mapToRegistry using default registry
65 silly mapToRegistry registry https://registry.npmjs.org/
66 silly mapToRegistry uri https://registry.npmjs.org/nan
67 verbose request uri https://registry.npmjs.org/bindings
68 verbose request no auth needed
69 info attempt registry request try #1 at 3:33:51 PM
70 verbose etag "1LLBF9OH58DLBEL4629U6032D"
71 http request GET https://registry.npmjs.org/bindings
72 verbose request uri https://registry.npmjs.org/nan
73 verbose request no auth needed
74 info attempt registry request try #1 at 3:33:51 PM
75 verbose etag "7Y2U1A5TWU1O0YTKGMD4FB8ZN"
76 http request GET https://registry.npmjs.org/nan
77 http 304 https://registry.npmjs.org/nan
78 verbose headers { date: 'Wed, 03 Feb 2016 20:33:58 GMT',
78 verbose headers   via: '1.1 varnish',
78 verbose headers   'cache-control': 'max-age=300',
78 verbose headers   etag: '"7Y2U1A5TWU1O0YTKGMD4FB8ZN"',
78 verbose headers   age: '34',
78 verbose headers   connection: 'keep-alive',
78 verbose headers   'x-served-by': 'cache-atl6234-ATL',
78 verbose headers   'x-cache': 'HIT',
78 verbose headers   'x-cache-hits': '4',
78 verbose headers   'x-timer': 'S1454531638.420212,VS0,VE0',
78 verbose headers   vary: 'Accept' }
79 silly get cb [ 304,
79 silly get   { date: 'Wed, 03 Feb 2016 20:33:58 GMT',
79 silly get     via: '1.1 varnish',
79 silly get     'cache-control': 'max-age=300',
79 silly get     etag: '"7Y2U1A5TWU1O0YTKGMD4FB8ZN"',
79 silly get     age: '34',
79 silly get     connection: 'keep-alive',
79 silly get     'x-served-by': 'cache-atl6234-ATL',
79 silly get     'x-cache': 'HIT',
79 silly get     'x-cache-hits': '4',
79 silly get     'x-timer': 'S1454531638.420212,VS0,VE0',
79 silly get     vary: 'Accept' } ]
80 verbose etag https://registry.npmjs.org/nan from cache
81 verbose get saving nan to C:\Users\Parag\AppData\Roaming\npm-cache\registry.npmjs.org\nan\.cache.json
82 verbose correctMkdir C:\Users\Parag\AppData\Roaming\npm-cache correctMkdir not in flight; initializing
83 http 304 https://registry.npmjs.org/bindings
84 verbose headers { date: 'Wed, 03 Feb 2016 20:33:58 GMT',
84 verbose headers   via: '1.1 varnish',
84 verbose headers   'cache-control': 'max-age=300',
84 verbose headers   etag: '"1LLBF9OH58DLBEL4629U6032D"',
84 verbose headers   age: '248',
84 verbose headers   connection: 'keep-alive',
84 verbose headers   'x-served-by': 'cache-atl6233-ATL',
84 verbose headers   'x-cache': 'HIT',
84 verbose headers   'x-cache-hits': '9',
84 verbose headers   'x-timer': 'S1454531638.424684,VS0,VE0',
84 verbose headers   vary: 'Accept' }
85 silly get cb [ 304,
85 silly get   { date: 'Wed, 03 Feb 2016 20:33:58 GMT',
85 silly get     via: '1.1 varnish',
85 silly get     'cache-control': 'max-age=300',
85 silly get     etag: '"1LLBF9OH58DLBEL4629U6032D"',
85 silly get     age: '248',
85 silly get     connection: 'keep-alive',
85 silly get     'x-served-by': 'cache-atl6233-ATL',
85 silly get     'x-cache': 'HIT',
85 silly get     'x-cache-hits': '9',
85 silly get     'x-timer': 'S1454531638.424684,VS0,VE0',
85 silly get     vary: 'Accept' } ]
86 verbose etag https://registry.npmjs.org/bindings from cache
87 verbose get saving bindings to C:\Users\Parag\AppData\Roaming\npm-cache\registry.npmjs.org\bindings\.cache.json
88 verbose correctMkdir C:\Users\Parag\AppData\Roaming\npm-cache correctMkdir not in flight; initializing
89 silly resolveWithNewModule nan@2.0.5 checking installable status
90 silly cache add args [ 'nan@2.0.5', null ]
91 verbose cache add spec nan@2.0.5
92 silly cache add parsed spec Result {
92 silly cache add   raw: 'nan@2.0.5',
92 silly cache add   scope: null,
92 silly cache add   name: 'nan',
92 silly cache add   rawSpec: '2.0.5',
92 silly cache add   spec: '2.0.5',
92 silly cache add   type: 'version' }
93 silly addNamed nan@2.0.5
94 verbose addNamed "2.0.5" is a plain semver version for nan
95 silly mapToRegistry name nan
96 silly mapToRegistry using default registry
97 silly mapToRegistry registry https://registry.npmjs.org/
98 silly mapToRegistry uri https://registry.npmjs.org/nan
99 verbose addNameVersion registry:https://registry.npmjs.org/nan not in flight; fetching
100 verbose get https://registry.npmjs.org/nan not expired, no request
101 silly resolveWithNewModule bindings@1.2.1 checking installable status
102 silly cache add args [ 'bindings@1.2.1', null ]
103 verbose cache add spec bindings@1.2.1
104 silly cache add parsed spec Result {
104 silly cache add   raw: 'bindings@1.2.1',
104 silly cache add   scope: null,
104 silly cache add   name: 'bindings',
104 silly cache add   rawSpec: '1.2.1',
104 silly cache add   spec: '1.2.1',
104 silly cache add   type: 'version' }
105 silly addNamed bindings@1.2.1
106 verbose addNamed "1.2.1" is a plain semver version for bindings
107 silly mapToRegistry name bindings
108 silly mapToRegistry using default registry
109 silly mapToRegistry registry https://registry.npmjs.org/
110 silly mapToRegistry uri https://registry.npmjs.org/bindings
111 verbose addNameVersion registry:https://registry.npmjs.org/bindings not in flight; fetching
112 silly cache afterAdd nan@2.0.5
113 verbose afterAdd C:\Users\Parag\AppData\Roaming\npm-cache\nan\2.0.5\package\package.json not in flight; writing
114 verbose correctMkdir C:\Users\Parag\AppData\Roaming\npm-cache correctMkdir not in flight; initializing
115 verbose get https://registry.npmjs.org/bindings not expired, no request
116 silly cache afterAdd bindings@1.2.1
117 verbose afterAdd C:\Users\Parag\AppData\Roaming\npm-cache\bindings\1.2.1\package\package.json not in flight; writing
118 verbose correctMkdir C:\Users\Parag\AppData\Roaming\npm-cache correctMkdir not in flight; initializing
119 verbose afterAdd C:\Users\Parag\AppData\Roaming\npm-cache\nan\2.0.5\package\package.json written
120 verbose afterAdd C:\Users\Parag\AppData\Roaming\npm-cache\bindings\1.2.1\package\package.json written
121 silly fetchNamedPackageData fsevents
122 silly mapToRegistry name fsevents
123 silly mapToRegistry using default registry
124 silly mapToRegistry registry https://registry.npmjs.org/
125 silly mapToRegistry uri https://registry.npmjs.org/fsevents
126 verbose request uri https://registry.npmjs.org/fsevents
127 verbose request no auth needed
128 info attempt registry request try #1 at 3:33:51 PM
129 verbose etag "D9PC4PL08KP2KF4WZ96D0QN5T"
130 http request GET https://registry.npmjs.org/fsevents
131 http 304 https://registry.npmjs.org/fsevents
132 verbose headers { date: 'Wed, 03 Feb 2016 20:33:58 GMT',
132 verbose headers   via: '1.1 varnish',
132 verbose headers   'cache-control': 'max-age=300',
132 verbose headers   etag: '"D9PC4PL08KP2KF4WZ96D0QN5T"',
132 verbose headers   age: '1',
132 verbose headers   connection: 'keep-alive',
132 verbose headers   'x-served-by': 'cache-atl6228-ATL',
132 verbose headers   'x-cache': 'HIT',
132 verbose headers   'x-cache-hits': '1',
132 verbose headers   'x-timer': 'S1454531638.694788,VS0,VE0',
132 verbose headers   vary: 'Accept' }
133 silly get cb [ 304,
133 silly get   { date: 'Wed, 03 Feb 2016 20:33:58 GMT',
133 silly get     via: '1.1 varnish',
133 silly get     'cache-control': 'max-age=300',
133 silly get     etag: '"D9PC4PL08KP2KF4WZ96D0QN5T"',
133 silly get     age: '1',
133 silly get     connection: 'keep-alive',
133 silly get     'x-served-by': 'cache-atl6228-ATL',
133 silly get     'x-cache': 'HIT',
133 silly get     'x-cache-hits': '1',
133 silly get     'x-timer': 'S1454531638.694788,VS0,VE0',
133 silly get     vary: 'Accept' } ]
134 verbose etag https://registry.npmjs.org/fsevents from cache
135 verbose get saving fsevents to C:\Users\Parag\AppData\Roaming\npm-cache\registry.npmjs.org\fsevents\.cache.json
136 verbose correctMkdir C:\Users\Parag\AppData\Roaming\npm-cache correctMkdir not in flight; initializing
137 silly resolveWithNewModule fsevents@1.0.7 checking installable status
138 silly loadAllDepsIntoIdealTree Finishing
139 silly idealTree:prePrune todoer@1.0.0
139 silly idealTree:prePrune +-- abbrev@1.0.7
139 silly idealTree:prePrune +-- accepts@1.2.13
139 silly idealTree:prePrune +-- adm-zip@0.4.7
139 silly idealTree:prePrune +-- align-text@0.1.3
139 silly idealTree:prePrune | `-- kind-of@2.0.1
139 silly idealTree:prePrune +-- amdefine@1.0.0
139 silly idealTree:prePrune +-- ansi-regex@2.0.0
139 silly idealTree:prePrune +-- ansi-styles@2.1.0
139 silly idealTree:prePrune +-- ansi@0.3.1
139 silly idealTree:prePrune +-- anymatch@1.3.0
139 silly idealTree:prePrune +-- are-we-there-yet@1.0.6
139 silly idealTree:prePrune +-- arr-diff@2.0.0
139 silly idealTree:prePrune +-- arr-flatten@1.0.1
139 silly idealTree:prePrune +-- array-flatten@1.1.1
139 silly idealTree:prePrune +-- array-index@1.0.0
139 silly idealTree:prePrune +-- array-unique@0.2.1
139 silly idealTree:prePrune +-- arrify@1.0.1
139 silly idealTree:prePrune +-- asap@2.0.3
139 silly idealTree:prePrune +-- asn1@0.2.3
139 silly idealTree:prePrune +-- assert-plus@0.2.0
139 silly idealTree:prePrune +-- async-each@0.1.6
139 silly idealTree:prePrune +-- async@1.5.2
139 silly idealTree:prePrune +-- aws-sign2@0.6.0
139 silly idealTree:prePrune +-- balanced-match@0.3.0
139 silly idealTree:prePrune +-- base64-url@1.2.1
139 silly idealTree:prePrune +-- bcrypt@0.8.5
139 silly idealTree:prePrune +-- binary-extensions@1.4.0
139 silly idealTree:prePrune +-- bindings@1.2.1
139 silly idealTree:prePrune +-- bl@1.0.1
139 silly idealTree:prePrune +-- block-stream@0.0.8
139 silly idealTree:prePrune +-- bluebird@2.9.26
139 silly idealTree:prePrune +-- body-parser@1.14.2
139 silly idealTree:prePrune | +-- bytes@2.2.0
139 silly idealTree:prePrune | +-- iconv-lite@0.4.13
139 silly idealTree:prePrune | +-- qs@5.2.0
139 silly idealTree:prePrune | `-- raw-body@2.1.5
139 silly idealTree:prePrune +-- boom@2.10.1
139 silly idealTree:prePrune +-- brace-expansion@1.1.2
139 silly idealTree:prePrune +-- braces@1.8.3
139 silly idealTree:prePrune +-- bson@0.4.21
139 silly idealTree:prePrune +-- bytes
139 silly idealTree:prePrune +-- camelcase@1.2.1
139 silly idealTree:prePrune +-- caseless@0.11.0
139 silly idealTree:prePrune +-- casperjs@1.1.0-beta3
139 silly idealTree:prePrune +-- center-align@0.1.2
139 silly idealTree:prePrune +-- chalk@1.1.1
139 silly idealTree:prePrune +-- charenc@0.0.1
139 silly idealTree:prePrune +-- chokidar@1.4.2
139 silly idealTree:prePrune +-- cliui@2.1.0
139 silly idealTree:prePrune | `-- wordwrap@0.0.2
139 silly idealTree:prePrune +-- combined-stream@1.0.5
139 silly idealTree:prePrune +-- commander@2.9.0
139 silly idealTree:prePrune +-- concat-map@0.0.1
139 silly idealTree:prePrune +-- configstore@1.4.0
139 silly idealTree:prePrune +-- connect-mongodb-session@1.1.0
139 silly idealTree:prePrune +-- content-disposition@0.5.1
139 silly idealTree:prePrune +-- content-type@1.0.1
139 silly idealTree:prePrune +-- cookie-signature@1.0.6
139 silly idealTree:prePrune +-- cookie@0.1.5
139 silly idealTree:prePrune +-- core-util-is@1.0.2
139 silly idealTree:prePrune +-- crc@3.4.0
139 silly idealTree:prePrune +-- crypt@0.0.1
139 silly idealTree:prePrune +-- cryptiles@2.0.5
139 silly idealTree:prePrune +-- d@0.1.1
139 silly idealTree:prePrune +-- dashdash@1.12.2
139 silly idealTree:prePrune +-- debug@2.2.0
139 silly idealTree:prePrune +-- decamelize@1.1.2
139 silly idealTree:prePrune +-- deep-extend@0.4.1
139 silly idealTree:prePrune +-- define-properties@1.1.2
139 silly idealTree:prePrune +-- delayed-stream@1.0.0
139 silly idealTree:prePrune +-- delegates@1.0.0
139 silly idealTree:prePrune +-- depd@1.1.0
139 silly idealTree:prePrune +-- destroy@1.0.4
139 silly idealTree:prePrune +-- duplexer@0.1.1
139 silly idealTree:prePrune +-- duplexify@3.4.2
139 silly idealTree:prePrune +-- ecc-jsbn@0.1.1
139 silly idealTree:prePrune +-- ee-first@1.1.1
139 silly idealTree:prePrune +-- end-of-stream@1.0.0
139 silly idealTree:prePrune +-- es5-ext@0.10.11
139 silly idealTree:prePrune +-- es6-iterator@2.0.0
139 silly idealTree:prePrune +-- es6-promise@3.0.2
139 silly idealTree:prePrune +-- es6-symbol@3.0.2
139 silly idealTree:prePrune +-- escape-html@1.0.3
139 silly idealTree:prePrune +-- escape-string-regexp@1.0.4
139 silly idealTree:prePrune +-- etag@1.7.0
139 silly idealTree:prePrune +-- event-stream@3.3.2
139 silly idealTree:prePrune +-- expand-brackets@0.1.4
139 silly idealTree:prePrune +-- expand-range@1.8.1
139 silly idealTree:prePrune +-- express-handlebars@3.0.0
139 silly idealTree:prePrune +-- express-session@1.13.0
139 silly idealTree:prePrune | `-- cookie@0.2.3
139 silly idealTree:prePrune +-- express@4.13.4
139 silly idealTree:prePrune +-- extend@3.0.0
139 silly idealTree:prePrune +-- extglob@0.3.2
139 silly idealTree:prePrune +-- extsprintf@1.0.2
139 silly idealTree:prePrune +-- filename-regex@2.0.0
139 silly idealTree:prePrune +-- fill-range@2.2.3
139 silly idealTree:prePrune +-- finalhandler@0.4.1
139 silly idealTree:prePrune +-- for-in@0.1.4
139 silly idealTree:prePrune +-- for-own@0.1.3
139 silly idealTree:prePrune +-- foreach@2.0.5
139 silly idealTree:prePrune +-- forever-agent@0.6.1
139 silly idealTree:prePrune +-- form-data@1.0.0-rc3
139 silly idealTree:prePrune +-- forwarded@0.1.0
139 silly idealTree:prePrune +-- fresh@0.3.0
139 silly idealTree:prePrune +-- from@0.1.3
139 silly idealTree:prePrune +-- fs-extra@0.26.5
139 silly idealTree:prePrune +-- fstream@1.0.8
139 silly idealTree:prePrune +-- function-bind@1.0.2
139 silly idealTree:prePrune +-- gauge@1.2.5
139 silly idealTree:prePrune +-- generate-function@2.0.0
139 silly idealTree:prePrune +-- generate-object-property@1.2.0
139 silly idealTree:prePrune +-- glob-base@0.3.0
139 silly idealTree:prePrune +-- glob-parent@2.0.0
139 silly idealTree:prePrune +-- glob@6.0.4
139 silly idealTree:prePrune +-- got@3.3.1
139 silly idealTree:prePrune | `-- object-assign@3.0.0
139 silly idealTree:prePrune +-- graceful-fs@4.1.2
139 silly idealTree:prePrune +-- graceful-readlink@1.0.1
139 silly idealTree:prePrune +-- handlebars@4.0.5
139 silly idealTree:prePrune +-- har-validator@2.0.6
139 silly idealTree:prePrune +-- has-ansi@2.0.0
139 silly idealTree:prePrune +-- has-unicode@2.0.0
139 silly idealTree:prePrune +-- hawk@3.1.3
139 silly idealTree:prePrune +-- hoek@2.16.3
139 silly idealTree:prePrune +-- hooks-fixed@1.1.0
139 silly idealTree:prePrune +-- http-errors@1.3.1
139 silly idealTree:prePrune +-- http-signature@1.1.1
139 silly idealTree:prePrune +-- iconv-lite
139 silly idealTree:prePrune +-- imurmurhash@0.1.4
139 silly idealTree:prePrune +-- infinity-agent@2.0.3
139 silly idealTree:prePrune +-- inflight@1.0.4
139 silly idealTree:prePrune +-- inherits@2.0.1
139 silly idealTree:prePrune +-- ini@1.3.4
139 silly idealTree:prePrune +-- ipaddr.js@1.0.5
139 silly idealTree:prePrune +-- is-absolute@0.1.7
139 silly idealTree:prePrune +-- is-binary-path@1.0.1
139 silly idealTree:prePrune +-- is-buffer@1.0.2
139 silly idealTree:prePrune +-- is-dotfile@1.0.2
139 silly idealTree:prePrune +-- is-equal-shallow@0.1.3
139 silly idealTree:prePrune +-- is-extendable@0.1.1
139 silly idealTree:prePrune +-- is-extglob@1.0.0
139 silly idealTree:prePrune +-- is-finite@1.0.1
139 silly idealTree:prePrune +-- is-glob@2.0.1
139 silly idealTree:prePrune +-- is-my-json-valid@2.12.4
139 silly idealTree:prePrune +-- is-npm@1.0.0
139 silly idealTree:prePrune +-- is-number@2.1.0
139 silly idealTree:prePrune +-- is-primitive@2.0.0
139 silly idealTree:prePrune +-- is-property@1.0.2
139 silly idealTree:prePrune +-- is-redirect@1.0.0
139 silly idealTree:prePrune +-- is-relative@0.1.3
139 silly idealTree:prePrune +-- is-stream@1.0.1
139 silly idealTree:prePrune +-- is-typedarray@1.0.0
139 silly idealTree:prePrune +-- isarray@0.0.1
139 silly idealTree:prePrune +-- isexe@1.1.1
139 silly idealTree:prePrune +-- isobject@2.0.0
139 silly idealTree:prePrune +-- isstream@0.1.2
139 silly idealTree:prePrune +-- jodid25519@1.0.2
139 silly idealTree:prePrune +-- jsbn@0.1.0
139 silly idealTree:prePrune +-- json-schema@0.2.2
139 silly idealTree:prePrune +-- json-stringify-safe@5.0.1
139 silly idealTree:prePrune +-- jsonfile@2.2.3
139 silly idealTree:prePrune +-- jsonpointer@2.0.0
139 silly idealTree:prePrune +-- jsprim@1.2.2
139 silly idealTree:prePrune +-- kareem@1.0.1
139 silly idealTree:prePrune +-- kew@0.7.0
139 silly idealTree:prePrune +-- kind-of@3.0.2
139 silly idealTree:prePrune +-- klaw@1.1.3
139 silly idealTree:prePrune +-- latest-version@1.0.1
139 silly idealTree:prePrune +-- lazy-cache@0.2.7
139 silly idealTree:prePrune +-- lodash._baseassign@3.2.0
139 silly idealTree:prePrune +-- lodash._basecopy@3.0.1
139 silly idealTree:prePrune +-- lodash._basetostring@3.0.1
139 silly idealTree:prePrune +-- lodash._bindcallback@3.0.1
139 silly idealTree:prePrune +-- lodash._createassigner@3.1.1
139 silly idealTree:prePrune +-- lodash._createpadding@3.6.1
139 silly idealTree:prePrune +-- lodash._getnative@3.9.1
139 silly idealTree:prePrune +-- lodash._isiterateecall@3.0.9
139 silly idealTree:prePrune +-- lodash.assign@3.2.0
139 silly idealTree:prePrune +-- lodash.defaults@3.1.2
139 silly idealTree:prePrune +-- lodash.isarguments@3.0.5
139 silly idealTree:prePrune +-- lodash.isarray@3.0.4
139 silly idealTree:prePrune +-- lodash.keys@3.1.2
139 silly idealTree:prePrune +-- lodash.pad@3.2.2
139 silly idealTree:prePrune +-- lodash.padleft@3.1.1
139 silly idealTree:prePrune +-- lodash.padright@3.1.1
139 silly idealTree:prePrune +-- lodash.repeat@3.1.2
139 silly idealTree:prePrune +-- lodash.restparam@3.6.1
139 silly idealTree:prePrune +-- longest@1.0.1
139 silly idealTree:prePrune +-- lowercase-keys@1.0.0
139 silly idealTree:prePrune +-- lru-cache@2.7.3
139 silly idealTree:prePrune +-- map-stream@0.1.0
139 silly idealTree:prePrune +-- md5@2.0.0
139 silly idealTree:prePrune +-- media-typer@0.3.0
139 silly idealTree:prePrune +-- merge-descriptors@1.0.1
139 silly idealTree:prePrune +-- methods@1.1.2
139 silly idealTree:prePrune +-- micromatch@2.3.7
139 silly idealTree:prePrune +-- mime-db@1.21.0
139 silly idealTree:prePrune +-- mime-types@2.1.9
139 silly idealTree:prePrune +-- mime@1.3.4
139 silly idealTree:prePrune +-- minimatch@3.0.0
139 silly idealTree:prePrune +-- minimist@0.0.8
139 silly idealTree:prePrune +-- mkdirp@0.5.1
139 silly idealTree:prePrune +-- mongodb-core@1.2.32
139 silly idealTree:prePrune +-- mongodb@2.1.4
139 silly idealTree:prePrune | `-- readable-stream@1.0.31
139 silly idealTree:prePrune +-- mongoose@4.3.7
139 silly idealTree:prePrune | +-- async@0.9.0
139 silly idealTree:prePrune | +-- mongodb@2.1.4
139 silly idealTree:prePrune | `-- readable-stream@1.0.31
139 silly idealTree:prePrune +-- mpath@0.1.1
139 silly idealTree:prePrune +-- mpromise@0.5.4
139 silly idealTree:prePrune +-- mquery@1.6.3
139 silly idealTree:prePrune +-- ms@0.7.1
139 silly idealTree:prePrune +-- muri@1.0.0
139 silly idealTree:prePrune +-- nan@2.0.5
139 silly idealTree:prePrune +-- negotiator@0.5.3
139 silly idealTree:prePrune +-- nested-error-stacks@1.0.2
139 silly idealTree:prePrune +-- node-gyp@3.2.1
139 silly idealTree:prePrune | +-- glob@4.5.3
139 silly idealTree:prePrune | | `-- minimatch@2.0.10
139 silly idealTree:prePrune | +-- minimatch@1.0.0
139 silly idealTree:prePrune | `-- nopt@3.0.6
139 silly idealTree:prePrune +-- node-uuid@1.4.7
139 silly idealTree:prePrune +-- nodemon@1.8.1
139 silly idealTree:prePrune +-- nopt@1.0.10
139 silly idealTree:prePrune +-- normalize-path@2.0.1
139 silly idealTree:prePrune +-- npmlog@1.2.1
139 silly idealTree:prePrune +-- number-is-nan@1.0.0
139 silly idealTree:prePrune +-- oauth-sign@0.8.1
139 silly idealTree:prePrune +-- object-assign@4.0.1
139 silly idealTree:prePrune +-- object-keys@1.0.9
139 silly idealTree:prePrune +-- object.assign@4.0.3
139 silly idealTree:prePrune +-- object.omit@2.0.0
139 silly idealTree:prePrune +-- on-finished@2.3.0
139 silly idealTree:prePrune +-- on-headers@1.0.1
139 silly idealTree:prePrune +-- once@1.3.3
139 silly idealTree:prePrune +-- optimist@0.6.1
139 silly idealTree:prePrune +-- os-homedir@1.0.1
139 silly idealTree:prePrune +-- os-tmpdir@1.0.1
139 silly idealTree:prePrune +-- osenv@0.1.3
139 silly idealTree:prePrune +-- package-json@1.2.0
139 silly idealTree:prePrune +-- parse-glob@3.0.4
139 silly idealTree:prePrune +-- parseurl@1.3.1
139 silly idealTree:prePrune +-- path-array@1.0.1
139 silly idealTree:prePrune +-- path-is-absolute@1.0.0
139 silly idealTree:prePrune +-- path-to-regexp@0.1.7
139 silly idealTree:prePrune +-- pause-stream@0.0.11
139 silly idealTree:prePrune +-- phantomjs@2.1.3
139 silly idealTree:prePrune +-- pinkie-promise@2.0.0
139 silly idealTree:prePrune +-- pinkie@2.0.2
139 silly idealTree:prePrune +-- prepend-http@1.0.3
139 silly idealTree:prePrune +-- preserve@0.2.0
139 silly idealTree:prePrune +-- process-nextick-args@1.0.6
139 silly idealTree:prePrune +-- progress@1.1.8
139 silly idealTree:prePrune +-- promise@7.1.1
139 silly idealTree:prePrune +-- proxy-addr@1.0.10
139 silly idealTree:prePrune +-- ps-tree@1.0.1
139 silly idealTree:prePrune +-- qs@4.0.0
139 silly idealTree:prePrune +-- randomatic@1.1.5
139 silly idealTree:prePrune +-- range-parser@1.0.3
139 silly idealTree:prePrune +-- raw-body
139 silly idealTree:prePrune +-- rc@1.1.6
139 silly idealTree:prePrune | `-- minimist@1.2.0
139 silly idealTree:prePrune +-- read-all-stream@3.1.0
139 silly idealTree:prePrune +-- readable-stream@2.0.5
139 silly idealTree:prePrune +-- readdirp@2.0.0
139 silly idealTree:prePrune | `-- minimatch@2.0.10
139 silly idealTree:prePrune +-- regex-cache@0.4.2
139 silly idealTree:prePrune +-- regexp-clone@0.0.1
139 silly idealTree:prePrune +-- registry-url@3.0.3
139 silly idealTree:prePrune +-- repeat-element@1.1.2
139 silly idealTree:prePrune +-- repeat-string@1.5.2
139 silly idealTree:prePrune +-- repeating@1.1.3
139 silly idealTree:prePrune +-- request-progress@2.0.1
139 silly idealTree:prePrune +-- request@2.67.0
139 silly idealTree:prePrune | `-- qs@5.2.0
139 silly idealTree:prePrune +-- right-align@0.1.3
139 silly idealTree:prePrune +-- rimraf@2.5.1
139 silly idealTree:prePrune +-- semver-diff@2.1.0
139 silly idealTree:prePrune +-- semver@5.1.0
139 silly idealTree:prePrune +-- send@0.13.1
139 silly idealTree:prePrune +-- serve-static@1.10.2
139 silly idealTree:prePrune +-- sigmund@1.0.1
139 silly idealTree:prePrune +-- sliced@0.0.5
139 silly idealTree:prePrune +-- slide@1.1.6
139 silly idealTree:prePrune +-- sntp@1.0.9
139 silly idealTree:prePrune +-- source-map@0.4.4
139 silly idealTree:prePrune +-- split@0.3.3
139 silly idealTree:prePrune +-- sshpk@1.7.3
139 silly idealTree:prePrune +-- statuses@1.2.1
139 silly idealTree:prePrune +-- stream-combiner@0.0.4
139 silly idealTree:prePrune +-- string_decoder@0.10.31
139 silly idealTree:prePrune +-- string-length@1.0.1
139 silly idealTree:prePrune +-- stringstream@0.0.5
139 silly idealTree:prePrune +-- strip-ansi@3.0.0
139 silly idealTree:prePrune +-- strip-json-comments@1.0.4
139 silly idealTree:prePrune +-- supports-color@2.0.0
139 silly idealTree:prePrune +-- tar@2.2.1
139 silly idealTree:prePrune +-- throttleit@1.0.0
139 silly idealTree:prePrune +-- through@2.3.8
139 silly idealTree:prePrune +-- timed-out@2.0.0
139 silly idealTree:prePrune +-- touch@1.0.0
139 silly idealTree:prePrune +-- tough-cookie@2.2.1
139 silly idealTree:prePrune +-- tunnel-agent@0.4.2
139 silly idealTree:prePrune +-- tweetnacl@0.13.3
139 silly idealTree:prePrune +-- type-is@1.6.11
139 silly idealTree:prePrune +-- uglify-js@2.6.1
139 silly idealTree:prePrune | +-- async@0.2.10
139 silly idealTree:prePrune | `-- source-map@0.5.3
139 silly idealTree:prePrune +-- uglify-to-browserify@1.0.2
139 silly idealTree:prePrune +-- uid-safe@2.0.0
139 silly idealTree:prePrune +-- undefsafe@0.0.3
139 silly idealTree:prePrune +-- unpipe@1.0.0
139 silly idealTree:prePrune +-- update-notifier@0.5.0
139 silly idealTree:prePrune +-- util-deprecate@1.0.2
139 silly idealTree:prePrune +-- utils-merge@1.0.0
139 silly idealTree:prePrune +-- uuid@2.0.1
139 silly idealTree:prePrune +-- vary@1.0.1
139 silly idealTree:prePrune +-- verror@1.3.6
139 silly idealTree:prePrune +-- which@1.2.4
139 silly idealTree:prePrune +-- window-size@0.1.0
139 silly idealTree:prePrune +-- wordwrap@0.0.3
139 silly idealTree:prePrune +-- wrappy@1.0.1
139 silly idealTree:prePrune +-- write-file-atomic@1.1.4
139 silly idealTree:prePrune +-- xdg-basedir@2.0.0
139 silly idealTree:prePrune +-- xtend@4.0.1
139 silly idealTree:prePrune `-- yargs@3.10.0
140 silly loadIdealTree Finishing
141 silly currentTree todoer@1.0.0
141 silly currentTree +-- abbrev@1.0.7
141 silly currentTree +-- accepts@1.2.13
141 silly currentTree +-- adm-zip@0.4.7
141 silly currentTree +-- align-text@0.1.3
141 silly currentTree | `-- kind-of@2.0.1
141 silly currentTree +-- amdefine@1.0.0
141 silly currentTree +-- ansi-regex@2.0.0
141 silly currentTree +-- ansi-styles@2.1.0
141 silly currentTree +-- ansi@0.3.1
141 silly currentTree +-- anymatch@1.3.0
141 silly currentTree +-- are-we-there-yet@1.0.6
141 silly currentTree +-- arr-diff@2.0.0
141 silly currentTree +-- arr-flatten@1.0.1
141 silly currentTree +-- array-flatten@1.1.1
141 silly currentTree +-- array-index@1.0.0
141 silly currentTree +-- array-unique@0.2.1
141 silly currentTree +-- arrify@1.0.1
141 silly currentTree +-- asap@2.0.3
141 silly currentTree +-- asn1@0.2.3
141 silly currentTree +-- assert-plus@0.2.0
141 silly currentTree +-- async-each@0.1.6
141 silly currentTree +-- async@1.5.2
141 silly currentTree +-- aws-sign2@0.6.0
141 silly currentTree +-- balanced-match@0.3.0
141 silly currentTree +-- base64-url@1.2.1
141 silly currentTree +-- binary-extensions@1.4.0
141 silly currentTree +-- bl@1.0.1
141 silly currentTree +-- block-stream@0.0.8
141 silly currentTree +-- bluebird@2.9.26
141 silly currentTree +-- body-parser@1.14.2
141 silly currentTree | +-- bytes@2.2.0
141 silly currentTree | +-- iconv-lite@0.4.13
141 silly currentTree | +-- qs@5.2.0
141 silly currentTree | `-- raw-body@2.1.5
141 silly currentTree +-- boom@2.10.1
141 silly currentTree +-- brace-expansion@1.1.2
141 silly currentTree +-- braces@1.8.3
141 silly currentTree +-- bson@0.4.21
141 silly currentTree +-- bytes
141 silly currentTree +-- camelcase@1.2.1
141 silly currentTree +-- caseless@0.11.0
141 silly currentTree +-- casperjs@1.1.0-beta3
141 silly currentTree +-- center-align@0.1.2
141 silly currentTree +-- chalk@1.1.1
141 silly currentTree +-- charenc@0.0.1
141 silly currentTree +-- chokidar@1.4.2
141 silly currentTree +-- cliui@2.1.0
141 silly currentTree | `-- wordwrap@0.0.2
141 silly currentTree +-- combined-stream@1.0.5
141 silly currentTree +-- commander@2.9.0
141 silly currentTree +-- concat-map@0.0.1
141 silly currentTree +-- configstore@1.4.0
141 silly currentTree +-- connect-mongodb-session@1.1.0
141 silly currentTree +-- content-disposition@0.5.1
141 silly currentTree +-- content-type@1.0.1
141 silly currentTree +-- cookie-signature@1.0.6
141 silly currentTree +-- cookie@0.1.5
141 silly currentTree +-- core-util-is@1.0.2
141 silly currentTree +-- crc@3.4.0
141 silly currentTree +-- crypt@0.0.1
141 silly currentTree +-- cryptiles@2.0.5
141 silly currentTree +-- d@0.1.1
141 silly currentTree +-- dashdash@1.12.2
141 silly currentTree +-- debug@2.2.0
141 silly currentTree +-- decamelize@1.1.2
141 silly currentTree +-- deep-extend@0.4.1
141 silly currentTree +-- define-properties@1.1.2
141 silly currentTree +-- delayed-stream@1.0.0
141 silly currentTree +-- delegates@1.0.0
141 silly currentTree +-- depd@1.1.0
141 silly currentTree +-- destroy@1.0.4
141 silly currentTree +-- duplexer@0.1.1
141 silly currentTree +-- duplexify@3.4.2
141 silly currentTree +-- ecc-jsbn@0.1.1
141 silly currentTree +-- ee-first@1.1.1
141 silly currentTree +-- end-of-stream@1.0.0
141 silly currentTree +-- es5-ext@0.10.11
141 silly currentTree +-- es6-iterator@2.0.0
141 silly currentTree +-- es6-promise@3.0.2
141 silly currentTree +-- es6-symbol@3.0.2
141 silly currentTree +-- escape-html@1.0.3
141 silly currentTree +-- escape-string-regexp@1.0.4
141 silly currentTree +-- etag@1.7.0
141 silly currentTree +-- event-stream@3.3.2
141 silly currentTree +-- expand-brackets@0.1.4
141 silly currentTree +-- expand-range@1.8.1
141 silly currentTree +-- express-handlebars@3.0.0
141 silly currentTree +-- express-session@1.13.0
141 silly currentTree | `-- cookie@0.2.3
141 silly currentTree +-- express@4.13.4
141 silly currentTree +-- extend@3.0.0
141 silly currentTree +-- extglob@0.3.2
141 silly currentTree +-- extsprintf@1.0.2
141 silly currentTree +-- filename-regex@2.0.0
141 silly currentTree +-- fill-range@2.2.3
141 silly currentTree +-- finalhandler@0.4.1
141 silly currentTree +-- for-in@0.1.4
141 silly currentTree +-- for-own@0.1.3
141 silly currentTree +-- foreach@2.0.5
141 silly currentTree +-- forever-agent@0.6.1
141 silly currentTree +-- form-data@1.0.0-rc3
141 silly currentTree +-- forwarded@0.1.0
141 silly currentTree +-- fresh@0.3.0
141 silly currentTree +-- from@0.1.3
141 silly currentTree +-- fs-extra@0.26.5
141 silly currentTree +-- fstream@1.0.8
141 silly currentTree +-- function-bind@1.0.2
141 silly currentTree +-- gauge@1.2.5
141 silly currentTree +-- generate-function@2.0.0
141 silly currentTree +-- generate-object-property@1.2.0
141 silly currentTree +-- glob-base@0.3.0
141 silly currentTree +-- glob-parent@2.0.0
141 silly currentTree +-- glob@6.0.4
141 silly currentTree +-- got@3.3.1
141 silly currentTree | `-- object-assign@3.0.0
141 silly currentTree +-- graceful-fs@4.1.2
141 silly currentTree +-- graceful-readlink@1.0.1
141 silly currentTree +-- handlebars@4.0.5
141 silly currentTree +-- har-validator@2.0.6
141 silly currentTree +-- has-ansi@2.0.0
141 silly currentTree +-- has-unicode@2.0.0
141 silly currentTree +-- hawk@3.1.3
141 silly currentTree +-- hoek@2.16.3
141 silly currentTree +-- hooks-fixed@1.1.0
141 silly currentTree +-- http-errors@1.3.1
141 silly currentTree +-- http-signature@1.1.1
141 silly currentTree +-- iconv-lite
141 silly currentTree +-- imurmurhash@0.1.4
141 silly currentTree +-- infinity-agent@2.0.3
141 silly currentTree +-- inflight@1.0.4
141 silly currentTree +-- inherits@2.0.1
141 silly currentTree +-- ini@1.3.4
141 silly currentTree +-- ipaddr.js@1.0.5
141 silly currentTree +-- is-absolute@0.1.7
141 silly currentTree +-- is-binary-path@1.0.1
141 silly currentTree +-- is-buffer@1.0.2
141 silly currentTree +-- is-dotfile@1.0.2
141 silly currentTree +-- is-equal-shallow@0.1.3
141 silly currentTree +-- is-extendable@0.1.1
141 silly currentTree +-- is-extglob@1.0.0
141 silly currentTree +-- is-finite@1.0.1
141 silly currentTree +-- is-glob@2.0.1
141 silly currentTree +-- is-my-json-valid@2.12.4
141 silly currentTree +-- is-npm@1.0.0
141 silly currentTree +-- is-number@2.1.0
141 silly currentTree +-- is-primitive@2.0.0
141 silly currentTree +-- is-property@1.0.2
141 silly currentTree +-- is-redirect@1.0.0
141 silly currentTree +-- is-relative@0.1.3
141 silly currentTree +-- is-stream@1.0.1
141 silly currentTree +-- is-typedarray@1.0.0
141 silly currentTree +-- isarray@0.0.1
141 silly currentTree +-- isexe@1.1.1
141 silly currentTree +-- isobject@2.0.0
141 silly currentTree +-- isstream@0.1.2
141 silly currentTree +-- jodid25519@1.0.2
141 silly currentTree +-- jsbn@0.1.0
141 silly currentTree +-- json-schema@0.2.2
141 silly currentTree +-- json-stringify-safe@5.0.1
141 silly currentTree +-- jsonfile@2.2.3
141 silly currentTree +-- jsonpointer@2.0.0
141 silly currentTree +-- jsprim@1.2.2
141 silly currentTree +-- kareem@1.0.1
141 silly currentTree +-- kew@0.7.0
141 silly currentTree +-- kind-of@3.0.2
141 silly currentTree +-- klaw@1.1.3
141 silly currentTree +-- latest-version@1.0.1
141 silly currentTree +-- lazy-cache@0.2.7
141 silly currentTree +-- lodash._baseassign@3.2.0
141 silly currentTree +-- lodash._basecopy@3.0.1
141 silly currentTree +-- lodash._basetostring@3.0.1
141 silly currentTree +-- lodash._bindcallback@3.0.1
141 silly currentTree +-- lodash._createassigner@3.1.1
141 silly currentTree +-- lodash._createpadding@3.6.1
141 silly currentTree +-- lodash._getnative@3.9.1
141 silly currentTree +-- lodash._isiterateecall@3.0.9
141 silly currentTree +-- lodash.assign@3.2.0
141 silly currentTree +-- lodash.defaults@3.1.2
141 silly currentTree +-- lodash.isarguments@3.0.5
141 silly currentTree +-- lodash.isarray@3.0.4
141 silly currentTree +-- lodash.keys@3.1.2
141 silly currentTree +-- lodash.pad@3.2.2
141 silly currentTree +-- lodash.padleft@3.1.1
141 silly currentTree +-- lodash.padright@3.1.1
141 silly currentTree +-- lodash.repeat@3.1.2
141 silly currentTree +-- lodash.restparam@3.6.1
141 silly currentTree +-- longest@1.0.1
141 silly currentTree +-- lowercase-keys@1.0.0
141 silly currentTree +-- lru-cache@2.7.3
141 silly currentTree +-- map-stream@0.1.0
141 silly currentTree +-- md5@2.0.0
141 silly currentTree +-- media-typer@0.3.0
141 silly currentTree +-- merge-descriptors@1.0.1
141 silly currentTree +-- methods@1.1.2
141 silly currentTree +-- micromatch@2.3.7
141 silly currentTree +-- mime-db@1.21.0
141 silly currentTree +-- mime-types@2.1.9
141 silly currentTree +-- mime@1.3.4
141 silly currentTree +-- minimatch@3.0.0
141 silly currentTree +-- minimist@0.0.8
141 silly currentTree +-- mkdirp@0.5.1
141 silly currentTree +-- mongodb-core@1.2.32
141 silly currentTree +-- mongodb@2.1.4
141 silly currentTree | `-- readable-stream@1.0.31
141 silly currentTree +-- mongoose@4.3.7
141 silly currentTree | +-- async@0.9.0
141 silly currentTree | +-- mongodb@2.1.4
141 silly currentTree | `-- readable-stream@1.0.31
141 silly currentTree +-- mpath@0.1.1
141 silly currentTree +-- mpromise@0.5.4
141 silly currentTree +-- mquery@1.6.3
141 silly currentTree +-- ms@0.7.1
141 silly currentTree +-- muri@1.0.0
141 silly currentTree +-- negotiator@0.5.3
141 silly currentTree +-- nested-error-stacks@1.0.2
141 silly currentTree +-- node-gyp@3.2.1
141 silly currentTree | +-- glob@4.5.3
141 silly currentTree | | `-- minimatch@2.0.10
141 silly currentTree | +-- minimatch@1.0.0
141 silly currentTree | `-- nopt@3.0.6
141 silly currentTree +-- node-uuid@1.4.7
141 silly currentTree +-- nodemon@1.8.1
141 silly currentTree +-- nopt@1.0.10
141 silly currentTree +-- normalize-path@2.0.1
141 silly currentTree +-- npmlog@1.2.1
141 silly currentTree +-- number-is-nan@1.0.0
141 silly currentTree +-- oauth-sign@0.8.1
141 silly currentTree +-- object-assign@4.0.1
141 silly currentTree +-- object-keys@1.0.9
141 silly currentTree +-- object.assign@4.0.3
141 silly currentTree +-- object.omit@2.0.0
141 silly currentTree +-- on-finished@2.3.0
141 silly currentTree +-- on-headers@1.0.1
141 silly currentTree +-- once@1.3.3
141 silly currentTree +-- optimist@0.6.1
141 silly currentTree +-- os-homedir@1.0.1
141 silly currentTree +-- os-tmpdir@1.0.1
141 silly currentTree +-- osenv@0.1.3
141 silly currentTree +-- package-json@1.2.0
141 silly currentTree +-- parse-glob@3.0.4
141 silly currentTree +-- parseurl@1.3.1
141 silly currentTree +-- path-array@1.0.1
141 silly currentTree +-- path-is-absolute@1.0.0
141 silly currentTree +-- path-to-regexp@0.1.7
141 silly currentTree +-- pause-stream@0.0.11
141 silly currentTree +-- phantomjs@2.1.3
141 silly currentTree +-- pinkie-promise@2.0.0
141 silly currentTree +-- pinkie@2.0.2
141 silly currentTree +-- prepend-http@1.0.3
141 silly currentTree +-- preserve@0.2.0
141 silly currentTree +-- process-nextick-args@1.0.6
141 silly currentTree +-- progress@1.1.8
141 silly currentTree +-- promise@7.1.1
141 silly currentTree +-- proxy-addr@1.0.10
141 silly currentTree +-- ps-tree@1.0.1
141 silly currentTree +-- qs@4.0.0
141 silly currentTree +-- randomatic@1.1.5
141 silly currentTree +-- range-parser@1.0.3
141 silly currentTree +-- raw-body
141 silly currentTree +-- rc@1.1.6
141 silly currentTree | `-- minimist@1.2.0
141 silly currentTree +-- read-all-stream@3.1.0
141 silly currentTree +-- readable-stream@2.0.5
141 silly currentTree +-- readdirp@2.0.0
141 silly currentTree | `-- minimatch@2.0.10
141 silly currentTree +-- regex-cache@0.4.2
141 silly currentTree +-- regexp-clone@0.0.1
141 silly currentTree +-- registry-url@3.0.3
141 silly currentTree +-- repeat-element@1.1.2
141 silly currentTree +-- repeat-string@1.5.2
141 silly currentTree +-- repeating@1.1.3
141 silly currentTree +-- request-progress@2.0.1
141 silly currentTree +-- request@2.67.0
141 silly currentTree | `-- qs@5.2.0
141 silly currentTree +-- right-align@0.1.3
141 silly currentTree +-- rimraf@2.5.1
141 silly currentTree +-- semver-diff@2.1.0
141 silly currentTree +-- semver@5.1.0
141 silly currentTree +-- send@0.13.1
141 silly currentTree +-- serve-static@1.10.2
141 silly currentTree +-- sigmund@1.0.1
141 silly currentTree +-- sliced@0.0.5
141 silly currentTree +-- slide@1.1.6
141 silly currentTree +-- sntp@1.0.9
141 silly currentTree +-- source-map@0.4.4
141 silly currentTree +-- split@0.3.3
141 silly currentTree +-- sshpk@1.7.3
141 silly currentTree +-- statuses@1.2.1
141 silly currentTree +-- stream-combiner@0.0.4
141 silly currentTree +-- string_decoder@0.10.31
141 silly currentTree +-- string-length@1.0.1
141 silly currentTree +-- stringstream@0.0.5
141 silly currentTree +-- strip-ansi@3.0.0
141 silly currentTree +-- strip-json-comments@1.0.4
141 silly currentTree +-- supports-color@2.0.0
141 silly currentTree +-- tar@2.2.1
141 silly currentTree +-- throttleit@1.0.0
141 silly currentTree +-- through@2.3.8
141 silly currentTree +-- timed-out@2.0.0
141 silly currentTree +-- touch@1.0.0
141 silly currentTree +-- tough-cookie@2.2.1
141 silly currentTree +-- tunnel-agent@0.4.2
141 silly currentTree +-- tweetnacl@0.13.3
141 silly currentTree +-- type-is@1.6.11
141 silly currentTree +-- uglify-js@2.6.1
141 silly currentTree | +-- async@0.2.10
141 silly currentTree | `-- source-map@0.5.3
141 silly currentTree +-- uglify-to-browserify@1.0.2
141 silly currentTree +-- uid-safe@2.0.0
141 silly currentTree +-- undefsafe@0.0.3
141 silly currentTree +-- unpipe@1.0.0
141 silly currentTree +-- update-notifier@0.5.0
141 silly currentTree +-- util-deprecate@1.0.2
141 silly currentTree +-- utils-merge@1.0.0
141 silly currentTree +-- uuid@2.0.1
141 silly currentTree +-- vary@1.0.1
141 silly currentTree +-- verror@1.3.6
141 silly currentTree +-- which@1.2.4
141 silly currentTree +-- window-size@0.1.0
141 silly currentTree +-- wordwrap@0.0.3
141 silly currentTree +-- wrappy@1.0.1
141 silly currentTree +-- write-file-atomic@1.1.4
141 silly currentTree +-- xdg-basedir@2.0.0
141 silly currentTree +-- xtend@4.0.1
141 silly currentTree `-- yargs@3.10.0
142 silly idealTree todoer@1.0.0
142 silly idealTree +-- abbrev@1.0.7
142 silly idealTree +-- accepts@1.2.13
142 silly idealTree +-- adm-zip@0.4.7
142 silly idealTree +-- align-text@0.1.3
142 silly idealTree | `-- kind-of@2.0.1
142 silly idealTree +-- amdefine@1.0.0
142 silly idealTree +-- ansi-regex@2.0.0
142 silly idealTree +-- ansi-styles@2.1.0
142 silly idealTree +-- ansi@0.3.1
142 silly idealTree +-- anymatch@1.3.0
142 silly idealTree +-- are-we-there-yet@1.0.6
142 silly idealTree +-- arr-diff@2.0.0
142 silly idealTree +-- arr-flatten@1.0.1
142 silly idealTree +-- array-flatten@1.1.1
142 silly idealTree +-- array-index@1.0.0
142 silly idealTree +-- array-unique@0.2.1
142 silly idealTree +-- arrify@1.0.1
142 silly idealTree +-- asap@2.0.3
142 silly idealTree +-- asn1@0.2.3
142 silly idealTree +-- assert-plus@0.2.0
142 silly idealTree +-- async-each@0.1.6
142 silly idealTree +-- async@1.5.2
142 silly idealTree +-- aws-sign2@0.6.0
142 silly idealTree +-- balanced-match@0.3.0
142 silly idealTree +-- base64-url@1.2.1
142 silly idealTree +-- bcrypt@0.8.5
142 silly idealTree +-- binary-extensions@1.4.0
142 silly idealTree +-- bindings@1.2.1
142 silly idealTree +-- bl@1.0.1
142 silly idealTree +-- block-stream@0.0.8
142 silly idealTree +-- bluebird@2.9.26
142 silly idealTree +-- body-parser@1.14.2
142 silly idealTree | +-- bytes@2.2.0
142 silly idealTree | +-- iconv-lite@0.4.13
142 silly idealTree | +-- qs@5.2.0
142 silly idealTree | `-- raw-body@2.1.5
142 silly idealTree +-- boom@2.10.1
142 silly idealTree +-- brace-expansion@1.1.2
142 silly idealTree +-- braces@1.8.3
142 silly idealTree +-- bson@0.4.21
142 silly idealTree +-- bytes
142 silly idealTree +-- camelcase@1.2.1
142 silly idealTree +-- caseless@0.11.0
142 silly idealTree +-- casperjs@1.1.0-beta3
142 silly idealTree +-- center-align@0.1.2
142 silly idealTree +-- chalk@1.1.1
142 silly idealTree +-- charenc@0.0.1
142 silly idealTree +-- chokidar@1.4.2
142 silly idealTree +-- cliui@2.1.0
142 silly idealTree | `-- wordwrap@0.0.2
142 silly idealTree +-- combined-stream@1.0.5
142 silly idealTree +-- commander@2.9.0
142 silly idealTree +-- concat-map@0.0.1
142 silly idealTree +-- configstore@1.4.0
142 silly idealTree +-- connect-mongodb-session@1.1.0
142 silly idealTree +-- content-disposition@0.5.1
142 silly idealTree +-- content-type@1.0.1
142 silly idealTree +-- cookie-signature@1.0.6
142 silly idealTree +-- cookie@0.1.5
142 silly idealTree +-- core-util-is@1.0.2
142 silly idealTree +-- crc@3.4.0
142 silly idealTree +-- crypt@0.0.1
142 silly idealTree +-- cryptiles@2.0.5
142 silly idealTree +-- d@0.1.1
142 silly idealTree +-- dashdash@1.12.2
142 silly idealTree +-- debug@2.2.0
142 silly idealTree +-- decamelize@1.1.2
142 silly idealTree +-- deep-extend@0.4.1
142 silly idealTree +-- define-properties@1.1.2
142 silly idealTree +-- delayed-stream@1.0.0
142 silly idealTree +-- delegates@1.0.0
142 silly idealTree +-- depd@1.1.0
142 silly idealTree +-- destroy@1.0.4
142 silly idealTree +-- duplexer@0.1.1
142 silly idealTree +-- duplexify@3.4.2
142 silly idealTree +-- ecc-jsbn@0.1.1
142 silly idealTree +-- ee-first@1.1.1
142 silly idealTree +-- end-of-stream@1.0.0
142 silly idealTree +-- es5-ext@0.10.11
142 silly idealTree +-- es6-iterator@2.0.0
142 silly idealTree +-- es6-promise@3.0.2
142 silly idealTree +-- es6-symbol@3.0.2
142 silly idealTree +-- escape-html@1.0.3
142 silly idealTree +-- escape-string-regexp@1.0.4
142 silly idealTree +-- etag@1.7.0
142 silly idealTree +-- event-stream@3.3.2
142 silly idealTree +-- expand-brackets@0.1.4
142 silly idealTree +-- expand-range@1.8.1
142 silly idealTree +-- express-handlebars@3.0.0
142 silly idealTree +-- express-session@1.13.0
142 silly idealTree | `-- cookie@0.2.3
142 silly idealTree +-- express@4.13.4
142 silly idealTree +-- extend@3.0.0
142 silly idealTree +-- extglob@0.3.2
142 silly idealTree +-- extsprintf@1.0.2
142 silly idealTree +-- filename-regex@2.0.0
142 silly idealTree +-- fill-range@2.2.3
142 silly idealTree +-- finalhandler@0.4.1
142 silly idealTree +-- for-in@0.1.4
142 silly idealTree +-- for-own@0.1.3
142 silly idealTree +-- foreach@2.0.5
142 silly idealTree +-- forever-agent@0.6.1
142 silly idealTree +-- form-data@1.0.0-rc3
142 silly idealTree +-- forwarded@0.1.0
142 silly idealTree +-- fresh@0.3.0
142 silly idealTree +-- from@0.1.3
142 silly idealTree +-- fs-extra@0.26.5
142 silly idealTree +-- fstream@1.0.8
142 silly idealTree +-- function-bind@1.0.2
142 silly idealTree +-- gauge@1.2.5
142 silly idealTree +-- generate-function@2.0.0
142 silly idealTree +-- generate-object-property@1.2.0
142 silly idealTree +-- glob-base@0.3.0
142 silly idealTree +-- glob-parent@2.0.0
142 silly idealTree +-- glob@6.0.4
142 silly idealTree +-- got@3.3.1
142 silly idealTree | `-- object-assign@3.0.0
142 silly idealTree +-- graceful-fs@4.1.2
142 silly idealTree +-- graceful-readlink@1.0.1
142 silly idealTree +-- handlebars@4.0.5
142 silly idealTree +-- har-validator@2.0.6
142 silly idealTree +-- has-ansi@2.0.0
142 silly idealTree +-- has-unicode@2.0.0
142 silly idealTree +-- hawk@3.1.3
142 silly idealTree +-- hoek@2.16.3
142 silly idealTree +-- hooks-fixed@1.1.0
142 silly idealTree +-- http-errors@1.3.1
142 silly idealTree +-- http-signature@1.1.1
142 silly idealTree +-- iconv-lite
142 silly idealTree +-- imurmurhash@0.1.4
142 silly idealTree +-- infinity-agent@2.0.3
142 silly idealTree +-- inflight@1.0.4
142 silly idealTree +-- inherits@2.0.1
142 silly idealTree +-- ini@1.3.4
142 silly idealTree +-- ipaddr.js@1.0.5
142 silly idealTree +-- is-absolute@0.1.7
142 silly idealTree +-- is-binary-path@1.0.1
142 silly idealTree +-- is-buffer@1.0.2
142 silly idealTree +-- is-dotfile@1.0.2
142 silly idealTree +-- is-equal-shallow@0.1.3
142 silly idealTree +-- is-extendable@0.1.1
142 silly idealTree +-- is-extglob@1.0.0
142 silly idealTree +-- is-finite@1.0.1
142 silly idealTree +-- is-glob@2.0.1
142 silly idealTree +-- is-my-json-valid@2.12.4
142 silly idealTree +-- is-npm@1.0.0
142 silly idealTree +-- is-number@2.1.0
142 silly idealTree +-- is-primitive@2.0.0
142 silly idealTree +-- is-property@1.0.2
142 silly idealTree +-- is-redirect@1.0.0
142 silly idealTree +-- is-relative@0.1.3
142 silly idealTree +-- is-stream@1.0.1
142 silly idealTree +-- is-typedarray@1.0.0
142 silly idealTree +-- isarray@0.0.1
142 silly idealTree +-- isexe@1.1.1
142 silly idealTree +-- isobject@2.0.0
142 silly idealTree +-- isstream@0.1.2
142 silly idealTree +-- jodid25519@1.0.2
142 silly idealTree +-- jsbn@0.1.0
142 silly idealTree +-- json-schema@0.2.2
142 silly idealTree +-- json-stringify-safe@5.0.1
142 silly idealTree +-- jsonfile@2.2.3
142 silly idealTree +-- jsonpointer@2.0.0
142 silly idealTree +-- jsprim@1.2.2
142 silly idealTree +-- kareem@1.0.1
142 silly idealTree +-- kew@0.7.0
142 silly idealTree +-- kind-of@3.0.2
142 silly idealTree +-- klaw@1.1.3
142 silly idealTree +-- latest-version@1.0.1
142 silly idealTree +-- lazy-cache@0.2.7
142 silly idealTree +-- lodash._baseassign@3.2.0
142 silly idealTree +-- lodash._basecopy@3.0.1
142 silly idealTree +-- lodash._basetostring@3.0.1
142 silly idealTree +-- lodash._bindcallback@3.0.1
142 silly idealTree +-- lodash._createassigner@3.1.1
142 silly idealTree +-- lodash._createpadding@3.6.1
142 silly idealTree +-- lodash._getnative@3.9.1
142 silly idealTree +-- lodash._isiterateecall@3.0.9
142 silly idealTree +-- lodash.assign@3.2.0
142 silly idealTree +-- lodash.defaults@3.1.2
142 silly idealTree +-- lodash.isarguments@3.0.5
142 silly idealTree +-- lodash.isarray@3.0.4
142 silly idealTree +-- lodash.keys@3.1.2
142 silly idealTree +-- lodash.pad@3.2.2
142 silly idealTree +-- lodash.padleft@3.1.1
142 silly idealTree +-- lodash.padright@3.1.1
142 silly idealTree +-- lodash.repeat@3.1.2
142 silly idealTree +-- lodash.restparam@3.6.1
142 silly idealTree +-- longest@1.0.1
142 silly idealTree +-- lowercase-keys@1.0.0
142 silly idealTree +-- lru-cache@2.7.3
142 silly idealTree +-- map-stream@0.1.0
142 silly idealTree +-- md5@2.0.0
142 silly idealTree +-- media-typer@0.3.0
142 silly idealTree +-- merge-descriptors@1.0.1
142 silly idealTree +-- methods@1.1.2
142 silly idealTree +-- micromatch@2.3.7
142 silly idealTree +-- mime-db@1.21.0
142 silly idealTree +-- mime-types@2.1.9
142 silly idealTree +-- mime@1.3.4
142 silly idealTree +-- minimatch@3.0.0
142 silly idealTree +-- minimist@0.0.8
142 silly idealTree +-- mkdirp@0.5.1
142 silly idealTree +-- mongodb-core@1.2.32
142 silly idealTree +-- mongodb@2.1.4
142 silly idealTree | `-- readable-stream@1.0.31
142 silly idealTree +-- mongoose@4.3.7
142 silly idealTree | +-- async@0.9.0
142 silly idealTree | +-- mongodb@2.1.4
142 silly idealTree | `-- readable-stream@1.0.31
142 silly idealTree +-- mpath@0.1.1
142 silly idealTree +-- mpromise@0.5.4
142 silly idealTree +-- mquery@1.6.3
142 silly idealTree +-- ms@0.7.1
142 silly idealTree +-- muri@1.0.0
142 silly idealTree +-- nan@2.0.5
142 silly idealTree +-- negotiator@0.5.3
142 silly idealTree +-- nested-error-stacks@1.0.2
142 silly idealTree +-- node-gyp@3.2.1
142 silly idealTree | +-- glob@4.5.3
142 silly idealTree | | `-- minimatch@2.0.10
142 silly idealTree | +-- minimatch@1.0.0
142 silly idealTree | `-- nopt@3.0.6
142 silly idealTree +-- node-uuid@1.4.7
142 silly idealTree +-- nodemon@1.8.1
142 silly idealTree +-- nopt@1.0.10
142 silly idealTree +-- normalize-path@2.0.1
142 silly idealTree +-- npmlog@1.2.1
142 silly idealTree +-- number-is-nan@1.0.0
142 silly idealTree +-- oauth-sign@0.8.1
142 silly idealTree +-- object-assign@4.0.1
142 silly idealTree +-- object-keys@1.0.9
142 silly idealTree +-- object.assign@4.0.3
142 silly idealTree +-- object.omit@2.0.0
142 silly idealTree +-- on-finished@2.3.0
142 silly idealTree +-- on-headers@1.0.1
142 silly idealTree +-- once@1.3.3
142 silly idealTree +-- optimist@0.6.1
142 silly idealTree +-- os-homedir@1.0.1
142 silly idealTree +-- os-tmpdir@1.0.1
142 silly idealTree +-- osenv@0.1.3
142 silly idealTree +-- package-json@1.2.0
142 silly idealTree +-- parse-glob@3.0.4
142 silly idealTree +-- parseurl@1.3.1
142 silly idealTree +-- path-array@1.0.1
142 silly idealTree +-- path-is-absolute@1.0.0
142 silly idealTree +-- path-to-regexp@0.1.7
142 silly idealTree +-- pause-stream@0.0.11
142 silly idealTree +-- phantomjs@2.1.3
142 silly idealTree +-- pinkie-promise@2.0.0
142 silly idealTree +-- pinkie@2.0.2
142 silly idealTree +-- prepend-http@1.0.3
142 silly idealTree +-- preserve@0.2.0
142 silly idealTree +-- process-nextick-args@1.0.6
142 silly idealTree +-- progress@1.1.8
142 silly idealTree +-- promise@7.1.1
142 silly idealTree +-- proxy-addr@1.0.10
142 silly idealTree +-- ps-tree@1.0.1
142 silly idealTree +-- qs@4.0.0
142 silly idealTree +-- randomatic@1.1.5
142 silly idealTree +-- range-parser@1.0.3
142 silly idealTree +-- raw-body
142 silly idealTree +-- rc@1.1.6
142 silly idealTree | `-- minimist@1.2.0
142 silly idealTree +-- read-all-stream@3.1.0
142 silly idealTree +-- readable-stream@2.0.5
142 silly idealTree +-- readdirp@2.0.0
142 silly idealTree | `-- minimatch@2.0.10
142 silly idealTree +-- regex-cache@0.4.2
142 silly idealTree +-- regexp-clone@0.0.1
142 silly idealTree +-- registry-url@3.0.3
142 silly idealTree +-- repeat-element@1.1.2
142 silly idealTree +-- repeat-string@1.5.2
142 silly idealTree +-- repeating@1.1.3
142 silly idealTree +-- request-progress@2.0.1
142 silly idealTree +-- request@2.67.0
142 silly idealTree | `-- qs@5.2.0
142 silly idealTree +-- right-align@0.1.3
142 silly idealTree +-- rimraf@2.5.1
142 silly idealTree +-- semver-diff@2.1.0
142 silly idealTree +-- semver@5.1.0
142 silly idealTree +-- send@0.13.1
142 silly idealTree +-- serve-static@1.10.2
142 silly idealTree +-- sigmund@1.0.1
142 silly idealTree +-- sliced@0.0.5
142 silly idealTree +-- slide@1.1.6
142 silly idealTree +-- sntp@1.0.9
142 silly idealTree +-- source-map@0.4.4
142 silly idealTree +-- split@0.3.3
142 silly idealTree +-- sshpk@1.7.3
142 silly idealTree +-- statuses@1.2.1
142 silly idealTree +-- stream-combiner@0.0.4
142 silly idealTree +-- string_decoder@0.10.31
142 silly idealTree +-- string-length@1.0.1
142 silly idealTree +-- stringstream@0.0.5
142 silly idealTree +-- strip-ansi@3.0.0
142 silly idealTree +-- strip-json-comments@1.0.4
142 silly idealTree +-- supports-color@2.0.0
142 silly idealTree +-- tar@2.2.1
142 silly idealTree +-- throttleit@1.0.0
142 silly idealTree +-- through@2.3.8
142 silly idealTree +-- timed-out@2.0.0
142 silly idealTree +-- touch@1.0.0
142 silly idealTree +-- tough-cookie@2.2.1
142 silly idealTree +-- tunnel-agent@0.4.2
142 silly idealTree +-- tweetnacl@0.13.3
142 silly idealTree +-- type-is@1.6.11
142 silly idealTree +-- uglify-js@2.6.1
142 silly idealTree | +-- async@0.2.10
142 silly idealTree | `-- source-map@0.5.3
142 silly idealTree +-- uglify-to-browserify@1.0.2
142 silly idealTree +-- uid-safe@2.0.0
142 silly idealTree +-- undefsafe@0.0.3
142 silly idealTree +-- unpipe@1.0.0
142 silly idealTree +-- update-notifier@0.5.0
142 silly idealTree +-- util-deprecate@1.0.2
142 silly idealTree +-- utils-merge@1.0.0
142 silly idealTree +-- uuid@2.0.1
142 silly idealTree +-- vary@1.0.1
142 silly idealTree +-- verror@1.3.6
142 silly idealTree +-- which@1.2.4
142 silly idealTree +-- window-size@0.1.0
142 silly idealTree +-- wordwrap@0.0.3
142 silly idealTree +-- wrappy@1.0.1
142 silly idealTree +-- write-file-atomic@1.1.4
142 silly idealTree +-- xdg-basedir@2.0.0
142 silly idealTree +-- xtend@4.0.1
142 silly idealTree `-- yargs@3.10.0
143 silly generateActionsToTake Starting
144 silly install generateActionsToTake
145 silly generateActionsToTake Finishing
146 silly diffTrees action count 4
147 silly diffTrees add bindings@1.2.1
148 silly diffTrees add nan@2.0.5
149 silly diffTrees add bcrypt@0.8.5
150 silly diffTrees update phantomjs@2.1.3
151 silly decomposeActions action count 32
152 silly decomposeActions fetch bindings@1.2.1
153 silly decomposeActions extract bindings@1.2.1
154 silly decomposeActions test bindings@1.2.1
155 silly decomposeActions preinstall bindings@1.2.1
156 silly decomposeActions build bindings@1.2.1
157 silly decomposeActions install bindings@1.2.1
158 silly decomposeActions postinstall bindings@1.2.1
159 silly decomposeActions finalize bindings@1.2.1
160 silly decomposeActions fetch nan@2.0.5
161 silly decomposeActions extract nan@2.0.5
162 silly decomposeActions test nan@2.0.5
163 silly decomposeActions preinstall nan@2.0.5
164 silly decomposeActions build nan@2.0.5
165 silly decomposeActions install nan@2.0.5
166 silly decomposeActions postinstall nan@2.0.5
167 silly decomposeActions finalize nan@2.0.5
168 silly decomposeActions fetch bcrypt@0.8.5
169 silly decomposeActions extract bcrypt@0.8.5
170 silly decomposeActions test bcrypt@0.8.5
171 silly decomposeActions preinstall bcrypt@0.8.5
172 silly decomposeActions build bcrypt@0.8.5
173 silly decomposeActions install bcrypt@0.8.5
174 silly decomposeActions postinstall bcrypt@0.8.5
175 silly decomposeActions finalize bcrypt@0.8.5
176 silly decomposeActions fetch phantomjs@2.1.3
177 silly decomposeActions extract phantomjs@2.1.3
178 silly decomposeActions test phantomjs@2.1.3
179 silly decomposeActions preinstall phantomjs@2.1.3
180 silly decomposeActions build phantomjs@2.1.3
181 silly decomposeActions install phantomjs@2.1.3
182 silly decomposeActions postinstall phantomjs@2.1.3
183 silly decomposeActions finalize phantomjs@2.1.3
184 silly executeActions Starting
185 silly install executeActions
186 silly doSerial global-install 0
187 silly doParallel fetch 4
188 verbose correctMkdir C:\Users\Parag\AppData\Roaming\npm-cache\_locks correctMkdir not in flight; initializing
189 verbose lock using C:\Users\Parag\AppData\Roaming\npm-cache\_locks\staging-1b5491750851ca1a.lock for D:\CPSC113\CPSC113-course\todoapp1\myapp\node_modules\.staging
190 silly doParallel extract 4
191 silly extract bindings@1.2.1
192 silly extract nan@2.0.5
193 silly extract bcrypt@0.8.5
194 silly extract phantomjs@2.1.3
195 verbose unbuild node_modules\.staging\bindings-f46efa52
196 verbose unbuild node_modules\.staging\nan-0a3a0a54
197 verbose unbuild node_modules\.staging\bcrypt-a4bc96a8
198 warn deprecated phantomjs@2.1.3: Package renamed to phantomjs-prebuilt. Please update 'phantomjs' package references to 'phantomjs-prebuilt'
199 verbose unbuild node_modules\.staging\phantomjs-1752912e
200 silly gentlyRm D:\CPSC113\CPSC113-course\todoapp1\myapp\node_modules\.staging\bindings-f46efa52 is being purged from base D:\CPSC113\CPSC113-course\todoapp1\myapp
201 verbose gentlyRm don't care about contents; nuking D:\CPSC113\CPSC113-course\todoapp1\myapp\node_modules\.staging\bindings-f46efa52
202 silly gentlyRm D:\CPSC113\CPSC113-course\todoapp1\myapp\node_modules\.staging\nan-0a3a0a54 is being purged from base D:\CPSC113\CPSC113-course\todoapp1\myapp
203 verbose gentlyRm don't care about contents; nuking D:\CPSC113\CPSC113-course\todoapp1\myapp\node_modules\.staging\nan-0a3a0a54
204 silly gentlyRm D:\CPSC113\CPSC113-course\todoapp1\myapp\node_modules\.staging\bcrypt-a4bc96a8 is being purged from base D:\CPSC113\CPSC113-course\todoapp1\myapp
205 verbose gentlyRm don't care about contents; nuking D:\CPSC113\CPSC113-course\todoapp1\myapp\node_modules\.staging\bcrypt-a4bc96a8
206 verbose tar unpack C:\Users\Parag\AppData\Roaming\npm-cache\bindings\1.2.1\package.tgz
207 verbose tar unpacking to D:\CPSC113\CPSC113-course\todoapp1\myapp\node_modules\.staging\bindings-f46efa52
208 silly gentlyRm D:\CPSC113\CPSC113-course\todoapp1\myapp\node_modules\.staging\bindings-f46efa52 is being purged
209 verbose gentlyRm don't care about contents; nuking D:\CPSC113\CPSC113-course\todoapp1\myapp\node_modules\.staging\bindings-f46efa52
210 verbose tar unpack C:\Users\Parag\AppData\Roaming\npm-cache\nan\2.0.5\package.tgz
211 verbose tar unpacking to D:\CPSC113\CPSC113-course\todoapp1\myapp\node_modules\.staging\nan-0a3a0a54
212 silly gentlyRm D:\CPSC113\CPSC113-course\todoapp1\myapp\node_modules\.staging\nan-0a3a0a54 is being purged
213 verbose gentlyRm don't care about contents; nuking D:\CPSC113\CPSC113-course\todoapp1\myapp\node_modules\.staging\nan-0a3a0a54
214 verbose tar unpack C:\Users\Parag\AppData\Roaming\npm-cache\bcrypt\0.8.5\package.tgz
215 verbose tar unpacking to D:\CPSC113\CPSC113-course\todoapp1\myapp\node_modules\.staging\bcrypt-a4bc96a8
216 silly gentlyRm D:\CPSC113\CPSC113-course\todoapp1\myapp\node_modules\.staging\bcrypt-a4bc96a8 is being purged
217 verbose gentlyRm don't care about contents; nuking D:\CPSC113\CPSC113-course\todoapp1\myapp\node_modules\.staging\bcrypt-a4bc96a8
218 silly gentlyRm D:\CPSC113\CPSC113-course\todoapp1\myapp\node_modules\.staging\phantomjs-1752912e is being purged from base D:\CPSC113\CPSC113-course\todoapp1\myapp
219 verbose gentlyRm don't care about contents; nuking D:\CPSC113\CPSC113-course\todoapp1\myapp\node_modules\.staging\phantomjs-1752912e
220 silly gunzTarPerm modes [ '777', '666' ]
221 silly gunzTarPerm modes [ '777', '666' ]
222 silly gunzTarPerm modes [ '777', '666' ]
223 verbose tar unpack C:\Users\Parag\AppData\Roaming\npm-cache\phantomjs\2.1.3\package.tgz
224 verbose tar unpacking to D:\CPSC113\CPSC113-course\todoapp1\myapp\node_modules\.staging\phantomjs-1752912e
225 silly gentlyRm D:\CPSC113\CPSC113-course\todoapp1\myapp\node_modules\.staging\phantomjs-1752912e is being purged
226 verbose gentlyRm don't care about contents; nuking D:\CPSC113\CPSC113-course\todoapp1\myapp\node_modules\.staging\phantomjs-1752912e
227 silly gunzTarPerm modes [ '777', '666' ]
228 silly gunzTarPerm extractEntry package.json
229 silly gunzTarPerm modified mode [ 'package.json', 420, 438 ]
230 silly gunzTarPerm extractEntry package.json
231 silly gunzTarPerm modified mode [ 'package.json', 436, 438 ]
232 silly gunzTarPerm extractEntry package.json
233 silly gunzTarPerm modified mode [ 'package.json', 420, 438 ]
234 silly gunzTarPerm extractEntry package.json
235 silly gunzTarPerm modified mode [ 'package.json', 420, 438 ]
236 silly gunzTarPerm extractEntry README.md
237 silly gunzTarPerm modified mode [ 'README.md', 420, 438 ]
238 silly gunzTarPerm extractEntry bindings.js
239 silly gunzTarPerm modified mode [ 'bindings.js', 420, 438 ]
240 silly gunzTarPerm extractEntry README.md
241 silly gunzTarPerm modified mode [ 'README.md', 436, 438 ]
242 silly gunzTarPerm extractEntry .npmignore
243 silly gunzTarPerm modified mode [ '.npmignore', 420, 438 ]
244 silly gunzTarPerm extractEntry README.md
245 silly gunzTarPerm modified mode [ 'README.md', 420, 438 ]
246 silly gunzTarPerm extractEntry include_dirs.js
247 silly gunzTarPerm modified mode [ 'include_dirs.js', 436, 438 ]
248 silly gunzTarPerm extractEntry .npmignore
249 silly gunzTarPerm modified mode [ '.npmignore', 420, 438 ]
250 silly gunzTarPerm extractEntry README.md
251 silly gunzTarPerm modified mode [ 'README.md', 420, 438 ]
252 silly gunzTarPerm extractEntry LICENSE
253 silly gunzTarPerm modified mode [ 'LICENSE', 420, 438 ]
254 silly gunzTarPerm extractEntry bcrypt.js
255 silly gunzTarPerm modified mode [ 'bcrypt.js', 420, 438 ]
256 silly gunzTarPerm extractEntry install.js
257 silly gunzTarPerm modified mode [ 'install.js', 420, 438 ]
258 silly gunzTarPerm extractEntry bin/phantomjs
259 silly gunzTarPerm modified mode [ 'bin/phantomjs', 493, 511 ]
260 silly gunzTarPerm extractEntry LICENSE.txt
261 silly gunzTarPerm modified mode [ 'LICENSE.txt', 420, 438 ]
262 silly gunzTarPerm extractEntry .eslintrc
263 silly gunzTarPerm modified mode [ '.eslintrc', 420, 438 ]
264 silly gunzTarPerm extractEntry .jshintrc
265 silly gunzTarPerm modified mode [ '.jshintrc', 420, 438 ]
266 silly gunzTarPerm extractEntry lib/phantomjs.js
267 silly gunzTarPerm modified mode [ 'lib/phantomjs.js', 420, 438 ]
268 silly gunzTarPerm extractEntry test/exit.js
269 silly gunzTarPerm modified mode [ 'test/exit.js', 420, 438 ]
270 silly gunzTarPerm extractEntry test/loadspeed.js
271 silly gunzTarPerm modified mode [ 'test/loadspeed.js', 420, 438 ]
272 silly gunzTarPerm extractEntry test/tests.js
273 silly gunzTarPerm modified mode [ 'test/tests.js', 420, 438 ]
274 silly gunzTarPerm extractEntry .travis.yml
275 silly gunzTarPerm modified mode [ '.travis.yml', 420, 438 ]
276 silly gunzTarPerm extractEntry nan_converters.h
277 silly gunzTarPerm modified mode [ 'nan_converters.h', 436, 438 ]
278 silly gunzTarPerm extractEntry LICENSE.md
279 silly gunzTarPerm modified mode [ 'LICENSE.md', 436, 438 ]
280 silly gunzTarPerm extractEntry .dntrc
281 silly gunzTarPerm modified mode [ '.dntrc', 436, 438 ]
282 silly gunzTarPerm extractEntry appveyor.yml
283 silly gunzTarPerm modified mode [ 'appveyor.yml', 436, 438 ]
284 silly gunzTarPerm extractEntry binding.gyp
285 silly gunzTarPerm modified mode [ 'binding.gyp', 420, 438 ]
286 silly gunzTarPerm extractEntry doc/new.md
287 silly gunzTarPerm modified mode [ 'doc/new.md', 436, 438 ]
288 silly gunzTarPerm extractEntry doc/.build.sh
289 silly gunzTarPerm modified mode [ 'doc/.build.sh', 509, 511 ]
290 silly gunzTarPerm extractEntry .travis.yml
291 silly gunzTarPerm modified mode [ '.travis.yml', 420, 438 ]
292 silly gunzTarPerm extractEntry CHANGELOG.md
293 silly gunzTarPerm modified mode [ 'CHANGELOG.md', 420, 438 ]
294 silly gentlyRm D:\CPSC113\CPSC113-course\todoapp1\myapp\node_modules\.staging\bindings-f46efa52\node_modules is being purged
295 verbose gentlyRm don't care about contents; nuking D:\CPSC113\CPSC113-course\todoapp1\myapp\node_modules\.staging\bindings-f46efa52\node_modules
296 silly gunzTarPerm extractEntry doc/buffers.md
297 silly gunzTarPerm modified mode [ 'doc/buffers.md', 436, 438 ]
298 silly gunzTarPerm extractEntry doc/callback.md
299 silly gunzTarPerm modified mode [ 'doc/callback.md', 436, 438 ]
300 silly gunzTarPerm extractEntry doc/converters.md
301 silly gunzTarPerm modified mode [ 'doc/converters.md', 436, 438 ]
302 silly gunzTarPerm extractEntry doc/errors.md
303 silly gunzTarPerm modified mode [ 'doc/errors.md', 436, 438 ]
304 silly gunzTarPerm extractEntry examples/async_compare.js
305 silly gunzTarPerm modified mode [ 'examples/async_compare.js', 420, 438 ]
306 silly gunzTarPerm extractEntry examples/forever_gen_salt.js
307 silly gunzTarPerm modified mode [ 'examples/forever_gen_salt.js', 420, 438 ]
308 silly gunzTarPerm extractEntry doc/maybe_types.md
309 silly gunzTarPerm modified mode [ 'doc/maybe_types.md', 436, 438 ]
310 silly gunzTarPerm extractEntry doc/methods.md
311 silly gunzTarPerm modified mode [ 'doc/methods.md', 436, 438 ]
312 silly gunzTarPerm extractEntry test/async.js
313 silly gunzTarPerm modified mode [ 'test/async.js', 420, 438 ]
314 silly gunzTarPerm extractEntry test/repetitions.js
315 silly gunzTarPerm modified mode [ 'test/repetitions.js', 420, 438 ]
316 silly gunzTarPerm extractEntry doc/asyncworker.md
317 silly gunzTarPerm modified mode [ 'doc/asyncworker.md', 436, 438 ]
318 silly gunzTarPerm extractEntry doc/node_misc.md
319 silly gunzTarPerm modified mode [ 'doc/node_misc.md', 436, 438 ]
320 silly gunzTarPerm extractEntry doc/persistent.md
321 silly gunzTarPerm modified mode [ 'doc/persistent.md', 436, 438 ]
322 silly gunzTarPerm extractEntry doc/scopes.md
323 silly gunzTarPerm modified mode [ 'doc/scopes.md', 436, 438 ]
324 silly gunzTarPerm extractEntry test/sync.js
325 silly gunzTarPerm modified mode [ 'test/sync.js', 420, 438 ]
326 silly gunzTarPerm extractEntry Makefile
327 silly gunzTarPerm modified mode [ 'Makefile', 420, 438 ]
328 silly gunzTarPerm extractEntry doc/script.md
329 silly gunzTarPerm modified mode [ 'doc/script.md', 436, 438 ]
330 silly gunzTarPerm extractEntry doc/string_bytes.md
331 silly gunzTarPerm modified mode [ 'doc/string_bytes.md', 436, 438 ]
332 silly gunzTarPerm extractEntry src/bcrypt.cc
333 silly gunzTarPerm modified mode [ 'src/bcrypt.cc', 420, 438 ]
334 silly gunzTarPerm extractEntry src/bcrypt_node.cc
335 silly gunzTarPerm modified mode [ 'src/bcrypt_node.cc', 420, 438 ]
336 silly gunzTarPerm extractEntry src/blowfish.cc
337 silly gunzTarPerm modified mode [ 'src/blowfish.cc', 420, 438 ]
338 silly gunzTarPerm extractEntry src/node_blf.h
339 silly gunzTarPerm modified mode [ 'src/node_blf.h', 420, 438 ]
340 silly gunzTarPerm extractEntry doc/v8_internals.md
341 silly gunzTarPerm modified mode [ 'doc/v8_internals.md', 436, 438 ]
342 silly gunzTarPerm extractEntry doc/v8_misc.md
343 silly gunzTarPerm modified mode [ 'doc/v8_misc.md', 436, 438 ]
344 silly gunzTarPerm extractEntry werker.yml
345 silly gunzTarPerm modified mode [ 'werker.yml', 420, 438 ]
346 silly gunzTarPerm extractEntry nan.h
347 silly gunzTarPerm modified mode [ 'nan.h', 436, 438 ]
348 silly gunzTarPerm extractEntry nan_callbacks.h
349 silly gunzTarPerm modified mode [ 'nan_callbacks.h', 436, 438 ]
350 silly gunzTarPerm extractEntry nan_callbacks_12_inl.h
351 silly gunzTarPerm modified mode [ 'nan_callbacks_12_inl.h', 436, 438 ]
352 silly gunzTarPerm extractEntry nan_callbacks_pre_12_inl.h
353 silly gunzTarPerm modified mode [ 'nan_callbacks_pre_12_inl.h', 436, 438 ]
354 silly gunzTarPerm extractEntry nan_converters_43_inl.h
355 silly gunzTarPerm modified mode [ 'nan_converters_43_inl.h', 436, 438 ]
356 silly gunzTarPerm extractEntry nan_converters_pre_43_inl.h
357 silly gunzTarPerm modified mode [ 'nan_converters_pre_43_inl.h', 436, 438 ]
358 silly gunzTarPerm extractEntry nan_implementation_12_inl.h
359 silly gunzTarPerm modified mode [ 'nan_implementation_12_inl.h', 436, 438 ]
360 silly gunzTarPerm extractEntry nan_implementation_pre_12_inl.h
361 silly gunzTarPerm modified mode [ 'nan_implementation_pre_12_inl.h', 436, 438 ]
362 silly gunzTarPerm extractEntry nan_maybe_43_inl.h
363 silly gunzTarPerm modified mode [ 'nan_maybe_43_inl.h', 436, 438 ]
364 silly gunzTarPerm extractEntry nan_maybe_pre_43_inl.h
365 silly gunzTarPerm modified mode [ 'nan_maybe_pre_43_inl.h', 436, 438 ]
366 silly gunzTarPerm extractEntry nan_new.h
367 silly gunzTarPerm modified mode [ 'nan_new.h', 436, 438 ]
368 silly gunzTarPerm extractEntry nan_object_wrap.h
369 silly gunzTarPerm modified mode [ 'nan_object_wrap.h', 436, 438 ]
370 silly gunzTarPerm extractEntry nan_persistent_12_inl.h
371 silly gunzTarPerm modified mode [ 'nan_persistent_12_inl.h', 436, 438 ]
372 silly gunzTarPerm extractEntry nan_persistent_pre_12_inl.h
373 silly gunzTarPerm modified mode [ 'nan_persistent_pre_12_inl.h', 436, 438 ]
374 silly gunzTarPerm extractEntry nan_string_bytes.h
375 silly gunzTarPerm modified mode [ 'nan_string_bytes.h', 436, 438 ]
376 silly gunzTarPerm extractEntry nan_weak.h
377 silly gunzTarPerm modified mode [ 'nan_weak.h', 436, 438 ]
378 silly gunzTarPerm extractEntry CHANGELOG.md
379 silly gunzTarPerm modified mode [ 'CHANGELOG.md', 436, 438 ]
380 silly gunzTarPerm extractEntry tools/package.json
381 silly gunzTarPerm modified mode [ 'tools/package.json', 436, 438 ]
382 silly gunzTarPerm extractEntry tools/README.md
383 silly gunzTarPerm modified mode [ 'tools/README.md', 436, 438 ]
384 silly gunzTarPerm extractEntry tools/1to2.js
385 silly gunzTarPerm modified mode [ 'tools/1to2.js', 509, 511 ]
386 silly gentlyRm D:\CPSC113\CPSC113-course\todoapp1\myapp\node_modules\.staging\phantomjs-1752912e\node_modules is being purged
387 verbose gentlyRm don't care about contents; nuking D:\CPSC113\CPSC113-course\todoapp1\myapp\node_modules\.staging\phantomjs-1752912e\node_modules
388 silly gentlyRm D:\CPSC113\CPSC113-course\todoapp1\myapp\node_modules\.staging\bcrypt-a4bc96a8\node_modules is being purged
389 verbose gentlyRm don't care about contents; nuking D:\CPSC113\CPSC113-course\todoapp1\myapp\node_modules\.staging\bcrypt-a4bc96a8\node_modules
390 silly gentlyRm D:\CPSC113\CPSC113-course\todoapp1\myapp\node_modules\.staging\nan-0a3a0a54\node_modules is being purged
391 verbose gentlyRm don't care about contents; nuking D:\CPSC113\CPSC113-course\todoapp1\myapp\node_modules\.staging\nan-0a3a0a54\node_modules
392 silly doParallel preinstall 4
393 silly preinstall bindings@1.2.1 D:\CPSC113\CPSC113-course\todoapp1\myapp\node_modules\.staging\bindings-f46efa52
394 info lifecycle bindings@1.2.1~preinstall: bindings@1.2.1
395 silly preinstall nan@2.0.5 D:\CPSC113\CPSC113-course\todoapp1\myapp\node_modules\.staging\nan-0a3a0a54
396 info lifecycle nan@2.0.5~preinstall: nan@2.0.5
397 silly preinstall bcrypt@0.8.5 D:\CPSC113\CPSC113-course\todoapp1\myapp\node_modules\.staging\bcrypt-a4bc96a8
398 info lifecycle bcrypt@0.8.5~preinstall: bcrypt@0.8.5
399 silly preinstall phantomjs@2.1.3 D:\CPSC113\CPSC113-course\todoapp1\myapp\node_modules\.staging\phantomjs-1752912e
400 info lifecycle phantomjs@2.1.3~preinstall: phantomjs@2.1.3
401 silly lifecycle bindings@1.2.1~preinstall: no script for preinstall, continuing
402 silly lifecycle nan@2.0.5~preinstall: no script for preinstall, continuing
403 silly lifecycle bcrypt@0.8.5~preinstall: no script for preinstall, continuing
404 silly lifecycle phantomjs@2.1.3~preinstall: no script for preinstall, continuing
405 silly doReverseSerial remove 0
406 silly doSerial move 0
407 silly doSerial finalize 4
408 silly finalize D:\CPSC113\CPSC113-course\todoapp1\myapp\node_modules\bindings
409 silly finalize D:\CPSC113\CPSC113-course\todoapp1\myapp\node_modules\nan
410 silly finalize D:\CPSC113\CPSC113-course\todoapp1\myapp\node_modules\bcrypt
411 silly finalize D:\CPSC113\CPSC113-course\todoapp1\myapp\node_modules\phantomjs
412 silly doSerial build 4
413 silly build bindings@1.2.1
414 info linkStuff bindings@1.2.1
415 silly linkStuff bindings@1.2.1 has D:\CPSC113\CPSC113-course\todoapp1\myapp\node_modules as its parent node_modules
416 verbose linkBins bindings@1.2.1
417 verbose linkMans bindings@1.2.1
418 silly build nan@2.0.5
419 info linkStuff nan@2.0.5
420 silly linkStuff nan@2.0.5 has D:\CPSC113\CPSC113-course\todoapp1\myapp\node_modules as its parent node_modules
421 verbose linkBins nan@2.0.5
422 verbose linkMans nan@2.0.5
423 silly build bcrypt@0.8.5
424 info linkStuff bcrypt@0.8.5
425 silly linkStuff bcrypt@0.8.5 has D:\CPSC113\CPSC113-course\todoapp1\myapp\node_modules as its parent node_modules
426 verbose linkBins bcrypt@0.8.5
427 verbose linkMans bcrypt@0.8.5
428 silly build phantomjs@2.1.3
429 info linkStuff phantomjs@2.1.3
430 silly linkStuff phantomjs@2.1.3 has D:\CPSC113\CPSC113-course\todoapp1\myapp\node_modules as its parent node_modules
431 verbose linkBins phantomjs@2.1.3
432 verbose link bins [ { phantomjs: './bin/phantomjs' },
432 verbose link bins   'D:\\CPSC113\\CPSC113-course\\todoapp1\\myapp\\node_modules\\.bin',
432 verbose link bins   false ]
433 verbose linkMans phantomjs@2.1.3
434 silly doSerial global-link 0
435 silly doParallel update-linked 0
436 silly doSerial install 4
437 silly install bindings@1.2.1 D:\CPSC113\CPSC113-course\todoapp1\myapp\node_modules\.staging\bindings-f46efa52
438 info lifecycle bindings@1.2.1~install: bindings@1.2.1
439 silly lifecycle bindings@1.2.1~install: no script for install, continuing
440 silly install nan@2.0.5 D:\CPSC113\CPSC113-course\todoapp1\myapp\node_modules\.staging\nan-0a3a0a54
441 info lifecycle nan@2.0.5~install: nan@2.0.5
442 silly lifecycle nan@2.0.5~install: no script for install, continuing
443 silly install bcrypt@0.8.5 D:\CPSC113\CPSC113-course\todoapp1\myapp\node_modules\.staging\bcrypt-a4bc96a8
444 info lifecycle bcrypt@0.8.5~install: bcrypt@0.8.5
445 verbose lifecycle bcrypt@0.8.5~install: unsafe-perm in lifecycle true
446 verbose lifecycle bcrypt@0.8.5~install: PATH: C:\Users\Parag\AppData\Roaming\npm\node_modules\npm\bin\node-gyp-bin;D:\CPSC113\CPSC113-course\todoapp1\myapp\node_modules\bcrypt\node_modules\.bin;D:\CPSC113\CPSC113-course\todoapp1\myapp\node_modules\.bin;C:\ProgramData\Oracle\Java\javapath;C:\Windows\system32;C:\Windows;C:\Windows\System32\Wbem;C:\Windows\System32\WindowsPowerShell\v1.0\;C:\Program Files (x86)\ATI Technologies\ATI.ACE\Core-Static;C:\Program Files (x86)\Brackets\command;C:\Program Files\Git\cmd;C:\Python27;C:\Python27\Lib\site-packages;C:\Python27\Scripts;C:\Program Files\nodejs\;C:\Program Files (x86)\NVIDIA Corporation\PhysX\Common;C:\Program Files (x86)\Skype\Phone\;C:\Program Files (x86)\GtkSharp\2.12\bin;C:\Users\Parag\.dnx\bin;C:\Program Files\Microsoft DNX\Dnvm\;C:\Ruby22-x64\bin;C:\Program Files (x86)\Microsoft VS Code\bin;C:\Users\Parag\AppData\Roaming\npm;C:\Users\Parag\AppData\Local\atom\bin
447 verbose lifecycle bcrypt@0.8.5~install: CWD: D:\CPSC113\CPSC113-course\todoapp1\myapp\node_modules\bcrypt
448 silly lifecycle bcrypt@0.8.5~install: Args: [ '/d /s /c', 'node-gyp rebuild' ]
449 silly lifecycle bcrypt@0.8.5~install: Returned: code: 1  signal: null
450 info lifecycle bcrypt@0.8.5~install: Failed to exec install script
451 verbose unlock done using C:\Users\Parag\AppData\Roaming\npm-cache\_locks\staging-1b5491750851ca1a.lock for D:\CPSC113\CPSC113-course\todoapp1\myapp\node_modules\.staging
452 silly rollbackFailedOptional Starting
453 silly rollbackFailedOptional Finishing
454 silly runTopLevelLifecycles Starting
455 silly runTopLevelLifecycles Finishing
456 silly install printInstalled
457 warn optional Skipping failed optional dependency /chokidar/fsevents:
458 warn notsup Not compatible with your operating system or architecture: fsevents@1.0.7
459 warn enoent ENOENT: no such file or directory, open 'D:\CPSC113\CPSC113-course\todoapp1\myapp\node_modules\bytes\package.json'
460 warn enoent ENOENT: no such file or directory, open 'D:\CPSC113\CPSC113-course\todoapp1\myapp\node_modules\iconv-lite\package.json'
461 warn enoent ENOENT: no such file or directory, open 'D:\CPSC113\CPSC113-course\todoapp1\myapp\node_modules\raw-body\package.json'
462 warn mongodb-core@1.2.32 requires a peer of kerberos@~0.0 but none was installed.
463 warn todoer@1.0.0 No repository field.
464 verbose stack Error: bcrypt@0.8.5 install: `node-gyp rebuild`
464 verbose stack Exit status 1
464 verbose stack     at EventEmitter.<anonymous> (C:\Users\Parag\AppData\Roaming\npm\node_modules\npm\lib\utils\lifecycle.js:232:16)
464 verbose stack     at emitTwo (events.js:87:13)
464 verbose stack     at EventEmitter.emit (events.js:172:7)
464 verbose stack     at ChildProcess.<anonymous> (C:\Users\Parag\AppData\Roaming\npm\node_modules\npm\lib\utils\spawn.js:24:14)
464 verbose stack     at emitTwo (events.js:87:13)
464 verbose stack     at ChildProcess.emit (events.js:172:7)
464 verbose stack     at maybeClose (internal/child_process.js:818:16)
464 verbose stack     at Process.ChildProcess._handle.onexit (internal/child_process.js:211:5)
465 verbose pkgid bcrypt@0.8.5
466 verbose cwd D:\CPSC113\CPSC113-course\todoapp1\myapp
467 error Windows_NT 10.0.10240
468 error argv "C:\\Program Files\\nodejs\\node.exe" "C:\\Users\\Parag\\AppData\\Roaming\\npm\\node_modules\\npm\\bin\\npm-cli.js" "install" "bcrypt" "--save"
469 error node v5.1.0
470 error npm  v3.6.0
471 error code ELIFECYCLE
472 error bcrypt@0.8.5 install: `node-gyp rebuild`
472 error Exit status 1
473 error Failed at the bcrypt@0.8.5 install script 'node-gyp rebuild'.
473 error Make sure you have the latest version of node.js and npm installed.
473 error If you do, this is most likely a problem with the bcrypt package,
473 error not with npm itself.
473 error Tell the author that this fails on your system:
473 error     node-gyp rebuild
473 error You can get information on how to open an issue for this project with:
473 error     npm bugs bcrypt
473 error Or if that isn't available, you can get their info via:
473 error     npm owner ls bcrypt
473 error There is likely additional logging output above.
474 verbose exit [ 1, true ]
